app/build/outputs/logs/manifest-merger-debug-report.txt
-- Merging decision tree log ---
manifest
ADDED from src\main\AndroidManifest.xml:2:1-107:12
	package
		ADDED from src\main\AndroidManifest.xml:3:5-24
		INJECTED from src\main\AndroidManifest.xml
		INJECTED from src\main\AndroidManifest.xml
	android:versionName
		INJECTED from src\main\AndroidManifest.xml
		INJECTED from src\main\AndroidManifest.xml
	xmlns:android
		ADDED from src\main\AndroidManifest.xml:2:11-69
	android:versionCode
		INJECTED from src\main\AndroidManifest.xml
		INJECTED from src\main\AndroidManifest.xml
uses-permission#android.permission.WRITE_EXTERNAL_STORAGE
ADDED from src\main\AndroidManifest.xml:5:5-81
MERGED from [com.getui:sdk:2.9.5.0] AndroidManifest.xml:18:5-81
	android:name
		ADDED from src\main\AndroidManifest.xml:5:22-78
uses-permission#android.permission.ACCESS_NETWORK_STATE
ADDED from src\main\AndroidManifest.xml:7:5-79
MERGED from [com.getui:sdk:2.9.5.0] AndroidManifest.xml:13:5-79
MERGED from [com.growingio.android:vds-android-agent:0.9.100] AndroidManifest.xml:11:5-79
	android:name
		ADDED from src\main\AndroidManifest.xml:7:22-76
uses-permission#android.permission.ACCESS_WIFI_STATE
ADDED from src\main\AndroidManifest.xml:9:5-76
MERGED from [com.getui:sdk:2.9.5.0] AndroidManifest.xml:15:5-76
	android:name
		ADDED from src\main\AndroidManifest.xml:9:22-73
uses-permission#android.permission.READ_PHONE_STATE
ADDED from src\main\AndroidManifest.xml:11:5-75
MERGED from [com.getui:sdk:2.9.5.0] AndroidManifest.xml:12:5-75
	android:name
		ADDED from src\main\AndroidManifest.xml:11:22-72
uses-permission#android.permission.ACCESS_COARSE_LOCATION
ADDED from src\main\AndroidManifest.xml:13:5-81
	android:name
		ADDED from src\main\AndroidManifest.xml:13:22-78
uses-permission#android.permission.INTERNET
ADDED from src\main\AndroidManifest.xml:14:5-67
MERGED from [com.getui:sdk:2.9.5.0] AndroidManifest.xml:11:5-67
MERGED from [com.growingio.android:vds-android-agent:0.9.100] AndroidManifest.xml:10:5-67
	android:name
		ADDED from src\main\AndroidManifest.xml:14:22-64
uses-permission#android.permission.ACCESS_FINE_LOCATION
ADDED from src\main\AndroidManifest.xml:16:5-95
	android:name
		ADDED from src\main\AndroidManifest.xml:16:22-76
uses-permission#android.permission.CHANGE_WIFI_STATE
ADDED from src\main\AndroidManifest.xml:18:5-92
MERGED from [com.getui:sdk:2.9.5.0] AndroidManifest.xml:14:5-76
	android:name
		ADDED from src\main\AndroidManifest.xml:18:22-73
uses-permission#android.permission.ACCESS_LOCATION_EXTRA_COMMANDS
ADDED from src\main\AndroidManifest.xml:20:5-105
	android:name
		ADDED from src\main\AndroidManifest.xml:20:22-86
uses-permission#android.permission.READ_CONTACTS
ADDED from src\main\AndroidManifest.xml:21:5-88
	android:name
		ADDED from src\main\AndroidManifest.xml:21:22-69
uses-permission#android.permission.CALL_PHONE
ADDED from src\main\AndroidManifest.xml:22:5-85
	android:name
		ADDED from src\main\AndroidManifest.xml:22:22-66
application
ADDED from src\main\AndroidManifest.xml:24:5-105:19
MERGED from [com.android.support:cardview-v7:22.2.1] AndroidManifest.xml:22:5-20
MERGED from [com.android.support:design:22.2.1] AndroidManifest.xml:22:5-20
MERGED from [in.srain.cube:ultra-ptr:1.0.11] AndroidManifest.xml:11:5-20
MERGED from [com.android.support:appcompat-v7:22.2.1] AndroidManifest.xml:22:5-20
MERGED from [com.android.support:recyclerview-v7:22.0.0] AndroidManifest.xml:22:5-26:19
MERGED from [com.google.android.gms:play-services-appindexing:8.4.0] AndroidManifest.xml:19:5-20
MERGED from [com.google.android.gms:play-services-basement:8.4.0] AndroidManifest.xml:20:5-24:19
MERGED from [com.android.support:support-v4:23.0.0] AndroidManifest.xml:22:5-20
MERGED from [com.getui:sdk:2.9.5.0] AndroidManifest.xml:32:5-98:19
	android:label
		ADDED from src\main\AndroidManifest.xml:28:9-41
	android:supportsRtl
		ADDED from src\main\AndroidManifest.xml:29:9-35
	android:allowBackup
		ADDED from src\main\AndroidManifest.xml:26:9-35
	android:icon
		ADDED from src\main\AndroidManifest.xml:27:9-39
	android:theme
		ADDED from src\main\AndroidManifest.xml:30:9-40
	android:name
		ADDED from src\main\AndroidManifest.xml:25:9-45
activity#liuliu.qs.ui.MainActivity
ADDED from src\main\AndroidManifest.xml:31:9-53
	android:name
		ADDED from src\main\AndroidManifest.xml:31:19-50
activity#liuliu.qs.ui.LoginActivity
ADDED from src\main\AndroidManifest.xml:32:9-54
	android:name
		ADDED from src\main\AndroidManifest.xml:32:19-51
activity#liuliu.qs.ui.StartActivity
ADDED from src\main\AndroidManifest.xml:33:9-50:20
	android:name
		ADDED from src\main\AndroidManifest.xml:33:19-51
intent-filter#android.intent.action.MAIN+android.intent.category.LAUNCHER
ADDED from src\main\AndroidManifest.xml:34:13-37:29
action#android.intent.action.MAIN
ADDED from src\main\AndroidManifest.xml:35:17-69
	android:name
		ADDED from src\main\AndroidManifest.xml:35:25-66
category#android.intent.category.LAUNCHER
ADDED from src\main\AndroidManifest.xml:36:17-77
	android:name
		ADDED from src\main\AndroidManifest.xml:36:27-74
intent-filter#android.intent.action.VIEW+android.intent.category.BROWSABLE+android.intent.category.DEFAULT
ADDED from src\main\AndroidManifest.xml:38:13-44:29
data
ADDED from src\main\AndroidManifest.xml:39:17-67
	android:scheme
		ADDED from src\main\AndroidManifest.xml:39:23-64
action#android.intent.action.VIEW
ADDED from src\main\AndroidManifest.xml:40:17-69
	android:name
		ADDED from src\main\AndroidManifest.xml:40:25-66
category#android.intent.category.DEFAULT
ADDED from src\main\AndroidManifest.xml:42:17-76
	android:name
		ADDED from src\main\AndroidManifest.xml:42:27-73
category#android.intent.category.BROWSABLE
ADDED from src\main\AndroidManifest.xml:43:17-78
	android:name
		ADDED from src\main\AndroidManifest.xml:43:27-75
intent-filter#android.intent.action.VIEW+android.intent.category.DEFAULT
ADDED from src\main\AndroidManifest.xml:45:13-49:29
activity#liuliu.qs.ui.SaveOrderActivity
ADDED from src\main\AndroidManifest.xml:51:9-58
	android:name
		ADDED from src\main\AndroidManifest.xml:51:19-55
activity#liuliu.qs.ui.QianBaoActivity
ADDED from src\main\AndroidManifest.xml:52:9-56
	android:name
		ADDED from src\main\AndroidManifest.xml:52:19-53
activity#liuliu.qs.ui.HistoryOrderActivity
ADDED from src\main\AndroidManifest.xml:53:9-61
	android:name
		ADDED from src\main\AndroidManifest.xml:53:19-58
activity#liuliu.qs.ui.PayActivity
ADDED from src\main\AndroidManifest.xml:54:9-52
	android:name
		ADDED from src\main\AndroidManifest.xml:54:19-49
activity#liuliu.qs.ui.JiaoYiListActivity
ADDED from src\main\AndroidManifest.xml:55:9-59
	android:name
		ADDED from src\main\AndroidManifest.xml:55:19-56
activity#liuliu.qs.ui.OrderDetailsActivity
ADDED from src\main\AndroidManifest.xml:56:9-61
	android:name
		ADDED from src\main\AndroidManifest.xml:56:19-58
activity#liuliu.qs.ui.CityActivity
ADDED from src\main\AndroidManifest.xml:57:9-53
	android:name
		ADDED from src\main\AndroidManifest.xml:57:19-50
activity#liuliu.qs.ui.SearchPoiActivity
ADDED from src\main\AndroidManifest.xml:58:9-58
	android:name
		ADDED from src\main\AndroidManifest.xml:58:19-55
activity#liuliu.qs.ui.RegActivity
ADDED from src\main\AndroidManifest.xml:59:9-52
	android:name
		ADDED from src\main\AndroidManifest.xml:59:19-49
activity#liuliu.qs.ui.ForgetPwd_CheckCodeActivity
ADDED from src\main\AndroidManifest.xml:60:9-68
	android:name
		ADDED from src\main\AndroidManifest.xml:60:19-65
activity#liuliu.qs.ui.ContactsActivity
ADDED from src\main\AndroidManifest.xml:61:9-57
	android:name
		ADDED from src\main\AndroidManifest.xml:61:19-54
activity#liuliu.qs.ui.FindPwdActivity
ADDED from src\main\AndroidManifest.xml:62:9-56
	android:name
		ADDED from src\main\AndroidManifest.xml:62:19-53
activity#liuliu.qs.ui.SelectAddressActivity
ADDED from src\main\AndroidManifest.xml:63:9-62
	android:name
		ADDED from src\main\AndroidManifest.xml:63:19-59
activity#liuliu.qs.ui.AddBuyActivity
ADDED from src\main\AndroidManifest.xml:64:9-55
	android:name
		ADDED from src\main\AndroidManifest.xml:64:19-52
activity#liuliu.qs.ui.AddSongActivity
ADDED from src\main\AndroidManifest.xml:65:9-56
	android:name
		ADDED from src\main\AndroidManifest.xml:65:19-53
activity#liuliu.qs.ui.PriceDetailActivity
ADDED from src\main\AndroidManifest.xml:66:9-60
	android:name
		ADDED from src\main\AndroidManifest.xml:66:19-57
activity#liuliu.qs.ui.UserActivity
ADDED from src\main\AndroidManifest.xml:67:9-53
	android:name
		ADDED from src\main\AndroidManifest.xml:67:19-50
activity#liuliu.qs.ui.AddressActivity
ADDED from src\main\AndroidManifest.xml:68:9-56
	android:name
		ADDED from src\main\AndroidManifest.xml:68:19-53
activity#liuliu.qs.ui.Manage_AddressActivity
ADDED from src\main\AndroidManifest.xml:69:9-63
	android:name
		ADDED from src\main\AndroidManifest.xml:69:19-60
activity#liuliu.qs.ui.WebActivity
ADDED from src\main\AndroidManifest.xml:70:9-52
	android:name
		ADDED from src\main\AndroidManifest.xml:70:19-49
activity#liuliu.qs.ui.CancelOrderActivity
ADDED from src\main\AndroidManifest.xml:71:9-60
	android:name
		ADDED from src\main\AndroidManifest.xml:71:19-57
activity#liuliu.qs.ui.OrderDetailActivity
ADDED from src\main\AndroidManifest.xml:72:9-60
	android:name
		ADDED from src\main\AndroidManifest.xml:72:19-57
activity#liuliu.qs.ui.ChangePwdActivity
ADDED from src\main\AndroidManifest.xml:73:9-58
	android:name
		ADDED from src\main\AndroidManifest.xml:73:19-55
activity#com.alipay.sdk.app.H5PayActivity
ADDED from src\main\AndroidManifest.xml:74:9-79:79
	android:screenOrientation
		ADDED from src\main\AndroidManifest.xml:78:13-47
	android:exported
		ADDED from src\main\AndroidManifest.xml:77:13-37
	android:windowSoftInputMode
		ADDED from src\main\AndroidManifest.xml:79:13-67
	android:configChanges
		ADDED from src\main\AndroidManifest.xml:76:13-74
	android:name
		ADDED from src\main\AndroidManifest.xml:75:13-60
receiver#liuliu.qs.service.PushReceiver
ADDED from src\main\AndroidManifest.xml:81:9-87:20
	android:exported
		ADDED from src\main\AndroidManifest.xml:83:13-37
	android:name
		ADDED from src\main\AndroidManifest.xml:82:13-49
intent-filter#com.igexin.sdk.action.${GETUI_APP_ID}
ADDED from src\main\AndroidManifest.xml:84:13-86:29
action#com.igexin.sdk.action.${GETUI_APP_ID}
ADDED from src\main\AndroidManifest.xml:85:17-80
	android:name
		ADDED from src\main\AndroidManifest.xml:85:25-77
		INJECTED from src\main\AndroidManifest.xml
activity#liuliu.qs.ui.OrderListActivity
ADDED from src\main\AndroidManifest.xml:89:9-58
	android:name
		ADDED from src\main\AndroidManifest.xml:89:19-55
activity#liuliu.qs.ui.PhoneNumberActivity
ADDED from src\main\AndroidManifest.xml:90:9-60
	android:name
		ADDED from src\main\AndroidManifest.xml:90:19-57
activity#liuliu.qs.wxapi.WXPayEntryActivity
ADDED from src\main\AndroidManifest.xml:91:9-94:46
	android:launchMode
		ADDED from src\main\AndroidManifest.xml:94:13-43
	android:exported
		ADDED from src\main\AndroidManifest.xml:93:13-36
	android:name
		ADDED from src\main\AndroidManifest.xml:92:13-53
meta-data#com.amap.api.v2.apikey
ADDED from src\main\AndroidManifest.xml:96:9-100:21
	android:value
		ADDED from src\main\AndroidManifest.xml:98:13-61
	android:name
		ADDED from src\main\AndroidManifest.xml:97:13-50
service#com.amap.api.location.APSService
ADDED from src\main\AndroidManifest.xml:101:9-68
	android:name
		ADDED from src\main\AndroidManifest.xml:101:18-65
meta-data#com.google.android.gms.version
ADDED from src\main\AndroidManifest.xml:102:9-104:69
MERGED from [com.google.android.gms:play-services-basement:8.4.0] AndroidManifest.xml:21:9-23:69
	android:value
		ADDED from src\main\AndroidManifest.xml:104:13-66
	android:name
		ADDED from src\main\AndroidManifest.xml:103:13-58
uses-sdk
INJECTED from src\main\AndroidManifest.xml reason: use-sdk injection requested
MERGED from [DKDJForQS:afinal:unspecified] AndroidManifest.xml:6:5-8:41
MERGED from [com.android.support:cardview-v7:22.2.1] AndroidManifest.xml:20:5-43
MERGED from [com.android.support:design:22.2.1] AndroidManifest.xml:20:5-43
MERGED from [in.srain.cube:ultra-ptr:1.0.11] AndroidManifest.xml:7:5-9:41
MERGED from [io.reactivex:rxandroid:1.1.0] AndroidManifest.xml:19:5-43
MERGED from [com.android.support:appcompat-v7:22.2.1] AndroidManifest.xml:20:5-43
MERGED from [com.android.support:recyclerview-v7:22.0.0] AndroidManifest.xml:20:5-43
MERGED from [com.flyco.tablayout:FlycoTabLayout_Lib:2.1.0] AndroidManifest.xml:8:5-10:41
MERGED from [com.bigkoo:pickerview:2.1.1] AndroidManifest.xml:7:5-9:41
MERGED from [com.google.android.gms:play-services-appindexing:8.4.0] AndroidManifest.xml:18:5-42
MERGED from [com.google.android.gms:play-services-base:8.4.0] AndroidManifest.xml:18:5-42
MERGED from [com.google.android.gms:play-services-basement:8.4.0] AndroidManifest.xml:18:5-42
MERGED from [com.android.support:support-v4:23.0.0] AndroidManifest.xml:20:5-43
MERGED from [com.getui:sdk:2.9.5.0] AndroidManifest.xml:7:5-9:41
MERGED from [com.growingio.android:vds-android-agent:0.9.100] AndroidManifest.xml:6:5-8:41
MERGED from [com.tencent.bugly:crashreport:2.6.5] AndroidManifest.xml:5:5-7:41
	android:targetSdkVersion
		INJECTED from src\main\AndroidManifest.xml
		INJECTED from src\main\AndroidManifest.xml
	android:minSdkVersion
		INJECTED from src\main\AndroidManifest.xml
		INJECTED from src\main\AndroidManifest.xml
activity#android.support.v7.widget.TestActivity
ADDED from [com.android.support:recyclerview-v7:22.0.0] AndroidManifest.xml:23:9-25:56
	android:label
		ADDED from [com.android.support:recyclerview-v7:22.0.0] AndroidManifest.xml:25:13-53
	android:name
		ADDED from [com.android.support:recyclerview-v7:22.0.0] AndroidManifest.xml:24:13-66
uses-permission#android.permission.WAKE_LOCK
ADDED from [com.getui:sdk:2.9.5.0] AndroidManifest.xml:16:5-68
	android:name
		ADDED from [com.getui:sdk:2.9.5.0] AndroidManifest.xml:16:22-65
uses-permission#android.permission.RECEIVE_BOOT_COMPLETED
ADDED from [com.getui:sdk:2.9.5.0] AndroidManifest.xml:17:5-81
	android:name
		ADDED from [com.getui:sdk:2.9.5.0] AndroidManifest.xml:17:22-78
uses-permission#android.permission.VIBRATE
ADDED from [com.getui:sdk:2.9.5.0] AndroidManifest.xml:19:5-66
	android:name
		ADDED from [com.getui:sdk:2.9.5.0] AndroidManifest.xml:19:22-63
uses-permission#android.permission.GET_TASKS
ADDED from [com.getui:sdk:2.9.5.0] AndroidManifest.xml:20:5-68
	android:name
		ADDED from [com.getui:sdk:2.9.5.0] AndroidManifest.xml:20:22-65
uses-permission#android.permission.SYSTEM_ALERT_WINDOW
ADDED from [com.getui:sdk:2.9.5.0] AndroidManifest.xml:23:5-78
	android:name
		ADDED from [com.getui:sdk:2.9.5.0] AndroidManifest.xml:23:22-75
uses-permission#getui.permission.GetuiService.${applicationId}
ADDED from [com.getui:sdk:2.9.5.0] AndroidManifest.xml:26:5-86
	android:name
		ADDED from [com.getui:sdk:2.9.5.0] AndroidManifest.xml:26:22-83
permission#getui.permission.GetuiService.${applicationId}
ADDED from [com.getui:sdk:2.9.5.0] AndroidManifest.xml:28:5-30:44
	android:protectionLevel
		ADDED from [com.getui:sdk:2.9.5.0] AndroidManifest.xml:30:9-41
	android:name
		ADDED from [com.getui:sdk:2.9.5.0] AndroidManifest.xml:29:9-70
meta-data#PUSH_APPID
ADDED from [com.getui:sdk:2.9.5.0] AndroidManifest.xml:35:9-37:47
	android:value
		ADDED from [com.getui:sdk:2.9.5.0] AndroidManifest.xml:37:13-44
	android:name
		ADDED from [com.getui:sdk:2.9.5.0] AndroidManifest.xml:36:13-38
meta-data#PUSH_APPKEY
ADDED from [com.getui:sdk:2.9.5.0] AndroidManifest.xml:38:9-40:48
	android:value
		ADDED from [com.getui:sdk:2.9.5.0] AndroidManifest.xml:40:13-45
	android:name
		ADDED from [com.getui:sdk:2.9.5.0] AndroidManifest.xml:39:13-39
meta-data#PUSH_APPSECRET
ADDED from [com.getui:sdk:2.9.5.0] AndroidManifest.xml:41:9-43:51
	android:value
		ADDED from [com.getui:sdk:2.9.5.0] AndroidManifest.xml:43:13-48
	android:name
		ADDED from [com.getui:sdk:2.9.5.0] AndroidManifest.xml:42:13-42
service#com.igexin.sdk.PushService
ADDED from [com.getui:sdk:2.9.5.0] AndroidManifest.xml:46:9-54:19
	android:process
		ADDED from [com.getui:sdk:2.9.5.0] AndroidManifest.xml:50:13-43
	android:label
		ADDED from [com.getui:sdk:2.9.5.0] AndroidManifest.xml:49:13-47
	android:exported
		ADDED from [com.getui:sdk:2.9.5.0] AndroidManifest.xml:48:13-36
	android:name
		ADDED from [com.getui:sdk:2.9.5.0] AndroidManifest.xml:47:13-54
intent-filter#com.igexin.sdk.action.service.message
ADDED from [com.getui:sdk:2.9.5.0] AndroidManifest.xml:51:13-53:29
action#com.igexin.sdk.action.service.message
ADDED from [com.getui:sdk:2.9.5.0] AndroidManifest.xml:52:17-80
	android:name
		ADDED from [com.getui:sdk:2.9.5.0] AndroidManifest.xml:52:25-77
receiver#com.igexin.sdk.PushReceiver
ADDED from [com.getui:sdk:2.9.5.0] AndroidManifest.xml:56:9-66:20
	android:name
		ADDED from [com.getui:sdk:2.9.5.0] AndroidManifest.xml:56:19-61
intent-filter#android.intent.action.ACTION_POWER_CONNECTED+android.intent.action.ACTION_POWER_DISCONNECTED+android.intent.action.BOOT_COMPLETED+android.intent.action.MEDIA_MOUNTED+android.intent.action.USER_PRESENT+android.net.conn.CONNECTIVITY_CHANGE+com.igexin.sdk.action.refreshls
ADDED from [com.getui:sdk:2.9.5.0] AndroidManifest.xml:57:13-65:29
action#android.intent.action.BOOT_COMPLETED
ADDED from [com.getui:sdk:2.9.5.0] AndroidManifest.xml:58:17-79
	android:name
		ADDED from [com.getui:sdk:2.9.5.0] AndroidManifest.xml:58:25-76
action#android.net.conn.CONNECTIVITY_CHANGE
ADDED from [com.getui:sdk:2.9.5.0] AndroidManifest.xml:59:17-79
	android:name
		ADDED from [com.getui:sdk:2.9.5.0] AndroidManifest.xml:59:25-76
action#android.intent.action.USER_PRESENT
ADDED from [com.getui:sdk:2.9.5.0] AndroidManifest.xml:60:17-77
	android:name
		ADDED from [com.getui:sdk:2.9.5.0] AndroidManifest.xml:60:25-74
action#com.igexin.sdk.action.refreshls
ADDED from [com.getui:sdk:2.9.5.0] AndroidManifest.xml:61:17-74
	android:name
		ADDED from [com.getui:sdk:2.9.5.0] AndroidManifest.xml:61:25-71
action#android.intent.action.MEDIA_MOUNTED
ADDED from [com.getui:sdk:2.9.5.0] AndroidManifest.xml:62:17-78
	android:name
		ADDED from [com.getui:sdk:2.9.5.0] AndroidManifest.xml:62:25-75
action#android.intent.action.ACTION_POWER_CONNECTED
ADDED from [com.getui:sdk:2.9.5.0] AndroidManifest.xml:63:17-87
	android:name
		ADDED from [com.getui:sdk:2.9.5.0] AndroidManifest.xml:63:25-84
action#android.intent.action.ACTION_POWER_DISCONNECTED
ADDED from [com.getui:sdk:2.9.5.0] AndroidManifest.xml:64:17-90
	android:name
		ADDED from [com.getui:sdk:2.9.5.0] AndroidManifest.xml:64:25-87
activity#com.igexin.sdk.PushActivity
ADDED from [com.getui:sdk:2.9.5.0] AndroidManifest.xml:68:9-74:75
	android:process
		ADDED from [com.getui:sdk:2.9.5.0] AndroidManifest.xml:72:13-43
	android:excludeFromRecents
		ADDED from [com.getui:sdk:2.9.5.0] AndroidManifest.xml:70:13-46
	android:exported
		ADDED from [com.getui:sdk:2.9.5.0] AndroidManifest.xml:71:13-37
	android:theme
		ADDED from [com.getui:sdk:2.9.5.0] AndroidManifest.xml:74:13-72
	android:taskAffinity
		ADDED from [com.getui:sdk:2.9.5.0] AndroidManifest.xml:73:13-67
	android:name
		ADDED from [com.getui:sdk:2.9.5.0] AndroidManifest.xml:69:13-55
activity#com.igexin.sdk.GActivity
ADDED from [com.getui:sdk:2.9.5.0] AndroidManifest.xml:75:9-81:75
	android:process
		ADDED from [com.getui:sdk:2.9.5.0] AndroidManifest.xml:79:13-43
	android:excludeFromRecents
		ADDED from [com.getui:sdk:2.9.5.0] AndroidManifest.xml:77:13-46
	android:exported
		ADDED from [com.getui:sdk:2.9.5.0] AndroidManifest.xml:78:13-36
	android:theme
		ADDED from [com.getui:sdk:2.9.5.0] AndroidManifest.xml:81:13-72
	android:taskAffinity
		ADDED from [com.getui:sdk:2.9.5.0] AndroidManifest.xml:80:13-67
	android:name
		ADDED from [com.getui:sdk:2.9.5.0] AndroidManifest.xml:76:13-52
service#com.igexin.download.DownloadService
ADDED from [com.getui:sdk:2.9.5.0] AndroidManifest.xml:83:9-85:46
	android:process
		ADDED from [com.getui:sdk:2.9.5.0] AndroidManifest.xml:85:13-43
	android:name
		ADDED from [com.getui:sdk:2.9.5.0] AndroidManifest.xml:84:13-63
receiver#com.igexin.download.DownloadReceiver
ADDED from [com.getui:sdk:2.9.5.0] AndroidManifest.xml:87:9-91:20
	android:name
		ADDED from [com.getui:sdk:2.9.5.0] AndroidManifest.xml:87:19-70
intent-filter#android.net.conn.CONNECTIVITY_CHANGE
ADDED from [com.getui:sdk:2.9.5.0] AndroidManifest.xml:88:13-90:29
provider#com.igexin.download.DownloadProvider
ADDED from [com.getui:sdk:2.9.5.0] AndroidManifest.xml:93:9-97:46
	android:authorities
		ADDED from [com.getui:sdk:2.9.5.0] AndroidManifest.xml:95:13-61
	android:process
		ADDED from [com.getui:sdk:2.9.5.0] AndroidManifest.xml:97:13-43
	android:exported
		ADDED from [com.getui:sdk:2.9.5.0] AndroidManifest.xml:96:13-36
	android:name
		ADDED from [com.getui:sdk:2.9.5.0] AndroidManifest.xml:94:13-64